Build started 04/13/2021 18:56:38.
Logging verbosity is set to: Normal.     1>Project "/Users/bogdan_mezentsev/Desktop/documentations/diploma/TheTowerAPI/TheTowerAPI.csproj" on node 1 (build target(s)).
     1>GenerateTargetFrameworkMonikerAttribute:
       Skipping target "GenerateTargetFrameworkMonikerAttribute" because all output files are up-to-date with respect to the input files.
       CoreGenerateAssemblyInfo:
       Skipping target "CoreGenerateAssemblyInfo" because all output files are up-to-date with respect to the input files.
       _DiscoverMvcApplicationParts:
       Skipping target "_DiscoverMvcApplicationParts" because all output files are up-to-date with respect to the input files.
       CoreCompile:
       Skipping target "CoreCompile" because all output files are up-to-date with respect to the input files.
       _CopyFilesMarkedCopyLocal:
         Touching "/Users/bogdan_mezentsev/Desktop/documentations/diploma/TheTowerAPI/obj/Debug/netcoreapp3.1//TheTowerAPI.csproj.CopyComplete".
       GenerateStaticWebAssetsManifest:
       Skipping target "GenerateStaticWebAssetsManifest" because all output files are up-to-date with respect to the input files.
       _CopyOutOfDateSourceItemsToOutputDirectory:
       Skipping target "_CopyOutOfDateSourceItemsToOutputDirectory" because all output files are up-to-date with respect to the input files.
       GenerateBuildDependencyFile:
       Skipping target "GenerateBuildDependencyFile" because all output files are up-to-date with respect to the input files.
       GenerateBuildRuntimeConfigurationFiles:
       Skipping target "GenerateBuildRuntimeConfigurationFiles" because all output files are up-to-date with respect to the input files.
       CopyFilesToOutputDirectory:
         TheTowerAPI -> /Users/bogdan_mezentsev/Desktop/documentations/diploma/TheTowerAPI/bin/Debug/netcoreapp3.1/TheTowerAPI.dll
     1>Done Building Project "/Users/bogdan_mezentsev/Desktop/documentations/diploma/TheTowerAPI/TheTowerAPI.csproj" (build target(s)).

Build succeeded.
    0 Warning(s)
    0 Error(s)

Time Elapsed 00:00:01.20
